XYZReader/build/outputs/logs/manifest-merger-debug-report.txt
-- Merging decision tree log ---
manifest
ADDED from AndroidManifest.xml:2:1
	xmlns:android
		ADDED from AndroidManifest.xml:2:11
	package
		ADDED from AndroidManifest.xml:3:5
	android:versionName
		ADDED from AndroidManifest.xml:5:5
	android:versionCode
		ADDED from AndroidManifest.xml:4:5
		INJECTED from AndroidManifest.xml:0:0
		INJECTED from AndroidManifest.xml:0:0
uses-permission#android.permission.INTERNET
ADDED from AndroidManifest.xml:7:5
	android:name
		ADDED from AndroidManifest.xml:7:22
uses-permission#android.permission.WRITE_EXTERNAL_STORAGE
ADDED from AndroidManifest.xml:8:5
	android:name
		ADDED from AndroidManifest.xml:8:22
uses-permission#android.permission.BROADCAST_STICKY
ADDED from AndroidManifest.xml:9:5
	android:name
		ADDED from AndroidManifest.xml:9:22
uses-permission#android.permission.ACCESS_NETWORK_STATE
ADDED from AndroidManifest.xml:10:5
	android:name
		ADDED from AndroidManifest.xml:10:22
application
ADDED from AndroidManifest.xml:12:5
MERGED from com.android.support:support-v4:23.1.1:22:5
MERGED from com.android.support:support-v13:23.1.1:22:5
MERGED from com.android.support:support-v4:23.1.1:22:5
MERGED from com.android.support:appcompat-v7:23.1.1:22:5
MERGED from com.android.support:support-v4:23.1.1:22:5
MERGED from com.android.support:palette-v7:23.1.1:22:5
MERGED from com.android.support:support-v4:23.1.1:22:5
MERGED from com.android.support:support-v4:23.1.1:22:5
MERGED from com.android.support:cardview-v7:23.1.1:22:5
MERGED from com.android.support:design:23.1.1:22:5
MERGED from com.android.support:appcompat-v7:23.1.1:22:5
MERGED from com.android.support:support-v4:23.1.1:22:5
MERGED from com.android.support:support-v4:23.1.1:22:5
MERGED from com.android.support:support-v4:23.1.1:22:5
	android:label
		ADDED from AndroidManifest.xml:15:9
	android:allowBackup
		ADDED from AndroidManifest.xml:13:9
	android:icon
		ADDED from AndroidManifest.xml:14:9
	android:theme
		ADDED from AndroidManifest.xml:16:9
activity#com.example.xyzreader.ui.ArticleListActivity
ADDED from AndroidManifest.xml:17:9
	android:label
		ADDED from AndroidManifest.xml:20:13
	android:theme
		ADDED from AndroidManifest.xml:19:13
	android:name
		ADDED from AndroidManifest.xml:18:13
intent-filter#android.intent.action.MAIN+android.intent.category.LAUNCHER
ADDED from AndroidManifest.xml:21:13
action#android.intent.action.MAIN
ADDED from AndroidManifest.xml:22:17
	android:name
		ADDED from AndroidManifest.xml:22:25
category#android.intent.category.LAUNCHER
ADDED from AndroidManifest.xml:24:17
	android:name
		ADDED from AndroidManifest.xml:24:27
activity#com.example.xyzreader.ui.ArticleDetailActivity
ADDED from AndroidManifest.xml:27:9
	android:parentActivityName
		ADDED from AndroidManifest.xml:29:13
	android:name
		ADDED from AndroidManifest.xml:28:13
intent-filter#android.intent.action.VIEW+android.intent.category.DEFAULT
ADDED from AndroidManifest.xml:30:13
action#android.intent.action.VIEW
ADDED from AndroidManifest.xml:31:17
	android:name
		ADDED from AndroidManifest.xml:31:25
category#android.intent.category.DEFAULT
ADDED from AndroidManifest.xml:33:17
	android:name
		ADDED from AndroidManifest.xml:33:27
data
ADDED from AndroidManifest.xml:35:17
	android:mimeType
		ADDED from AndroidManifest.xml:35:23
meta-data#android.support.PARENT_ACTIVITY
ADDED from AndroidManifest.xml:38:13
	android:name
		ADDED from AndroidManifest.xml:39:17
	android:value
		ADDED from AndroidManifest.xml:40:17
service#com.example.xyzreader.data.UpdaterService
ADDED from AndroidManifest.xml:43:9
	android:exported
		ADDED from AndroidManifest.xml:45:13
	android:name
		ADDED from AndroidManifest.xml:44:13
provider#com.example.xyzreader.data.ItemsProvider
ADDED from AndroidManifest.xml:47:9
	android:exported
		ADDED from AndroidManifest.xml:50:13
	android:authorities
		ADDED from AndroidManifest.xml:49:13
	android:name
		ADDED from AndroidManifest.xml:48:13
activity#com.example.xyzreader.NewDetail
ADDED from AndroidManifest.xml:52:9
	android:label
		ADDED from AndroidManifest.xml:54:13
	android:parentActivityName
		ADDED from AndroidManifest.xml:55:13
	android:name
		ADDED from AndroidManifest.xml:53:13
uses-sdk
INJECTED from AndroidManifest.xml:0:0 reason: use-sdk injection requested
MERGED from com.android.support:support-v4:23.1.1:20:5
MERGED from com.android.support:support-v13:23.1.1:20:5
MERGED from com.android.support:support-v4:23.1.1:20:5
MERGED from com.android.support:appcompat-v7:23.1.1:20:5
MERGED from com.android.support:support-v4:23.1.1:20:5
MERGED from com.android.support:palette-v7:23.1.1:20:5
MERGED from com.android.support:support-v4:23.1.1:20:5
MERGED from com.android.support:recyclerview-v7:23.1.1:20:5
MERGED from com.android.support:support-v4:23.1.1:20:5
MERGED from com.android.support:cardview-v7:23.1.1:20:5
MERGED from com.android.support:design:23.1.1:20:5
MERGED from com.android.support:appcompat-v7:23.1.1:20:5
MERGED from com.android.support:support-v4:23.1.1:20:5
MERGED from com.android.support:recyclerview-v7:23.1.1:20:5
MERGED from com.android.support:support-v4:23.1.1:20:5
MERGED from com.android.support:support-v4:23.1.1:20:5
	android:targetSdkVersion
		INJECTED from AndroidManifest.xml:0:0
		INJECTED from AndroidManifest.xml:0:0
	android:minSdkVersion
		INJECTED from AndroidManifest.xml:0:0
		INJECTED from AndroidManifest.xml:0:0